[21:52:43:930] [INFO] reqId: [] - org.hibernate.validator.internal.util.Version.<clinit>(Version.java:21) - HV000001: Hibernate Validator 6.2.0.Final
[21:52:43:941] [INFO] reqId: [] - org.springframework.boot.StartupInfoLogger.logStarting(StartupInfoLogger.java:55) - Starting E5Application using Java 17.0.6 on ziqiandeMac-Studio.local with PID 24030 (/Users/ziqianzhang/IdeaProjects/e5/target/classes started by ziqianzhang in /Users/ziqianzhang/IdeaProjects/e5)
[21:52:43:943] [INFO] reqId: [] - org.springframework.boot.SpringApplication.logStartupProfileInfo(SpringApplication.java:663) - The following profiles are active: online
[21:52:44:238] [INFO] reqId: [] - org.springframework.data.repository.config.RepositoryConfigurationDelegate.multipleStoresDetected(RepositoryConfigurationDelegate.java:262) - Multiple Spring Data modules found, entering strict repository configuration mode!
[21:52:44:239] [INFO] reqId: [] - org.springframework.data.repository.config.RepositoryConfigurationDelegate.registerRepositoriesIn(RepositoryConfigurationDelegate.java:132) - Bootstrapping Spring Data Redis repositories in DEFAULT mode.
[21:52:44:253] [INFO] reqId: [] - org.springframework.data.repository.config.RepositoryConfigurationDelegate.registerRepositoriesIn(RepositoryConfigurationDelegate.java:201) - Finished Spring Data repository scanning in 9 ms. Found 0 Redis repository interfaces.
[21:52:44:538] [INFO] reqId: [] - org.springframework.context.support.PostProcessorRegistrationDelegate$BeanPostProcessorChecker.postProcessAfterInitialization(PostProcessorRegistrationDelegate.java:376) - Bean 'spring.datasource.dynamic-com.baomidou.dynamic.datasource.spring.boot.autoconfigure.DynamicDataSourceProperties' of type [com.baomidou.dynamic.datasource.spring.boot.autoconfigure.DynamicDataSourceProperties] is not eligible for getting processed by all BeanPostProcessors (for example: not eligible for auto-proxying)
[21:52:44:541] [INFO] reqId: [] - org.springframework.context.support.PostProcessorRegistrationDelegate$BeanPostProcessorChecker.postProcessAfterInitialization(PostProcessorRegistrationDelegate.java:376) - Bean 'com.baomidou.dynamic.datasource.spring.boot.autoconfigure.DynamicDataSourceAutoConfiguration' of type [com.baomidou.dynamic.datasource.spring.boot.autoconfigure.DynamicDataSourceAutoConfiguration$$EnhancerBySpringCGLIB$$c44075fa] is not eligible for getting processed by all BeanPostProcessors (for example: not eligible for auto-proxying)
[21:52:44:548] [INFO] reqId: [] - org.springframework.context.support.PostProcessorRegistrationDelegate$BeanPostProcessorChecker.postProcessAfterInitialization(PostProcessorRegistrationDelegate.java:376) - Bean 'dsProcessor' of type [com.baomidou.dynamic.datasource.processor.DsHeaderProcessor] is not eligible for getting processed by all BeanPostProcessors (for example: not eligible for auto-proxying)
[21:52:44:556] [INFO] reqId: [] - org.springframework.context.support.PostProcessorRegistrationDelegate$BeanPostProcessorChecker.postProcessAfterInitialization(PostProcessorRegistrationDelegate.java:376) - Bean 'org.springframework.security.access.expression.method.DefaultMethodSecurityExpressionHandler@13866329' of type [org.springframework.security.access.expression.method.DefaultMethodSecurityExpressionHandler] is not eligible for getting processed by all BeanPostProcessors (for example: not eligible for auto-proxying)
[21:52:44:560] [INFO] reqId: [] - org.springframework.context.support.PostProcessorRegistrationDelegate$BeanPostProcessorChecker.postProcessAfterInitialization(PostProcessorRegistrationDelegate.java:376) - Bean 'methodSecurityMetadataSource' of type [org.springframework.security.access.method.DelegatingMethodSecurityMetadataSource] is not eligible for getting processed by all BeanPostProcessors (for example: not eligible for auto-proxying)
[21:52:44:564] [INFO] reqId: [] - org.springframework.context.support.PostProcessorRegistrationDelegate$BeanPostProcessorChecker.postProcessAfterInitialization(PostProcessorRegistrationDelegate.java:376) - Bean 'redisConfig' of type [io.qyi.e5.config.redis.RedisConfig$$EnhancerBySpringCGLIB$$35286d15] is not eligible for getting processed by all BeanPostProcessors (for example: not eligible for auto-proxying)
[21:52:44:698] [INFO] reqId: [] - org.springframework.boot.web.embedded.tomcat.TomcatWebServer.initialize(TomcatWebServer.java:108) - Tomcat initialized with port(s): 8081 (http)
[21:52:44:702] [INFO] reqId: [] - org.apache.juli.logging.DirectJDKLog.log(DirectJDKLog.java:173) - Initializing ProtocolHandler ["http-nio-8081"]
[21:52:44:703] [INFO] reqId: [] - org.apache.juli.logging.DirectJDKLog.log(DirectJDKLog.java:173) - Starting service [Tomcat]
[21:52:44:703] [INFO] reqId: [] - org.apache.juli.logging.DirectJDKLog.log(DirectJDKLog.java:173) - Starting Servlet engine: [Apache Tomcat/9.0.48]
[21:52:44:735] [INFO] reqId: [] - org.apache.juli.logging.DirectJDKLog.log(DirectJDKLog.java:173) - Initializing Spring embedded WebApplicationContext
[21:52:44:735] [INFO] reqId: [] - org.springframework.boot.web.servlet.context.ServletWebServerApplicationContext.prepareWebApplicationContext(ServletWebServerApplicationContext.java:290) - Root WebApplicationContext: initialization completed in 775 ms
[21:52:44:753] [INFO] reqId: [] - com.zaxxer.hikari.HikariDataSource.<init>(HikariDataSource.java:80) - master - Starting...
[21:52:44:810] [INFO] reqId: [] - com.zaxxer.hikari.HikariDataSource.<init>(HikariDataSource.java:82) - master - Start completed.
[21:52:44:811] [INFO] reqId: [] - com.baomidou.dynamic.datasource.DynamicRoutingDataSource.addDataSource(DynamicRoutingDataSource.java:169) - dynamic-datasource - add a datasource named [master] success
[21:52:44:811] [INFO] reqId: [] - com.baomidou.dynamic.datasource.DynamicRoutingDataSource.afterPropertiesSet(DynamicRoutingDataSource.java:249) - dynamic-datasource initial loaded [1] datasource,primary datasource named [master]
[21:52:44:817] [INFO] reqId: [] - org.springframework.boot.autoconfigure.h2.H2ConsoleAutoConfiguration.lambda$h2Console$0(H2ConsoleAutoConfiguration.java:68) - H2 console available at '/h2'. Database available at 'jdbc:mysql://127.0.0.1:3306/E5?charset=utf8mb4&useSSL=false&serverTimezone=GMT&verifyServerCertificate=false'
[21:52:45:414] [INFO] reqId: [] - org.springframework.security.web.DefaultSecurityFilterChain.<init>(DefaultSecurityFilterChain.java:51) - Will secure Ant [pattern='/js/**'] with []
[21:52:45:415] [INFO] reqId: [] - org.springframework.security.web.DefaultSecurityFilterChain.<init>(DefaultSecurityFilterChain.java:51) - Will secure Ant [pattern='/css/**'] with []
[21:52:45:415] [INFO] reqId: [] - org.springframework.security.web.DefaultSecurityFilterChain.<init>(DefaultSecurityFilterChain.java:51) - Will secure Ant [pattern='/images/**'] with []
[21:52:45:415] [INFO] reqId: [] - org.springframework.security.web.DefaultSecurityFilterChain.<init>(DefaultSecurityFilterChain.java:51) - Will secure Ant [pattern='/fonts/**'] with []
[21:52:45:415] [INFO] reqId: [] - org.springframework.security.web.DefaultSecurityFilterChain.<init>(DefaultSecurityFilterChain.java:51) - Will secure Ant [pattern='/lib/**'] with []
[21:52:45:415] [INFO] reqId: [] - org.springframework.security.web.DefaultSecurityFilterChain.<init>(DefaultSecurityFilterChain.java:51) - Will secure Ant [pattern='/authority_error'] with []
[21:52:45:415] [INFO] reqId: [] - org.springframework.security.web.DefaultSecurityFilterChain.<init>(DefaultSecurityFilterChain.java:51) - Will secure Ant [pattern='/favicon.ico'] with []
[21:52:45:415] [INFO] reqId: [] - org.springframework.security.web.DefaultSecurityFilterChain.<init>(DefaultSecurityFilterChain.java:51) - Will secure Ant [pattern='/**.ico'] with []
[21:52:45:416] [INFO] reqId: [] - org.springframework.security.web.DefaultSecurityFilterChain.<init>(DefaultSecurityFilterChain.java:51) - Will secure Ant [pattern='/error'] with []
[21:52:45:416] [INFO] reqId: [] - org.springframework.security.web.DefaultSecurityFilterChain.<init>(DefaultSecurityFilterChain.java:51) - Will secure Ant [pattern='/admin/getDebugAdminToken'] with []
[21:52:45:438] [INFO] reqId: [] - io.qyi.e5.config.security.filter.GithubLoginAuthenticationFilter.<init>(GithubLoginAuthenticationFilter.java:45) - 注册 LoginAuthenticationFilter
[21:52:45:445] [INFO] reqId: [] - org.springframework.security.web.DefaultSecurityFilterChain.<init>(DefaultSecurityFilterChain.java:51) - Will secure any request with [org.springframework.security.web.context.request.async.WebAsyncManagerIntegrationFilter@723c5f86, org.springframework.security.web.context.SecurityContextPersistenceFilter@1e27bb89, org.springframework.security.web.header.HeaderWriterFilter@5e9f1a4c, org.springframework.security.web.authentication.logout.LogoutFilter@438a2d3, io.qyi.e5.config.security.filter.LinkTokenAuthenticationFilter@301e5d23, io.qyi.e5.config.security.filter.GithubLoginAuthenticationFilter@393bcd6b, org.springframework.security.web.savedrequest.RequestCacheAwareFilter@746f8520, org.springframework.security.web.servletapi.SecurityContextHolderAwareRequestFilter@2dbb8da0, org.springframework.security.web.authentication.AnonymousAuthenticationFilter@64a8d575, org.springframework.security.web.session.SessionManagementFilter@8c3b634, org.springframework.security.web.access.ExceptionTranslationFilter@67fd2e17, org.springframework.security.web.access.intercept.FilterSecurityInterceptor@4da9da6c]
[21:52:45:797] [INFO] reqId: [] - org.apache.juli.logging.DirectJDKLog.log(DirectJDKLog.java:173) - Starting ProtocolHandler ["http-nio-8081"]
[21:52:45:805] [INFO] reqId: [] - org.springframework.boot.web.embedded.tomcat.TomcatWebServer.start(TomcatWebServer.java:220) - Tomcat started on port(s): 8081 (http) with context path ''
[21:52:45:811] [INFO] reqId: [] - org.springframework.boot.StartupInfoLogger.logStarted(StartupInfoLogger.java:61) - Started E5Application in 2.013 seconds (JVM running for 2.336)
[21:53:00:047] [INFO] reqId: [] - io.qyi.e5.config.Start.distributeTask(Start.java:59) - 查询到待调用的数量: 0
[21:53:01:512] [INFO] reqId: [] - com.baomidou.dynamic.datasource.DynamicRoutingDataSource.destroy(DynamicRoutingDataSource.java:226) - dynamic-datasource start closing ....
[21:53:01:512] [INFO] reqId: [] - com.zaxxer.hikari.HikariDataSource.close(HikariDataSource.java:350) - master - Shutdown initiated...
[21:53:01:518] [INFO] reqId: [] - com.zaxxer.hikari.HikariDataSource.close(HikariDataSource.java:352) - master - Shutdown completed.
[21:53:01:518] [INFO] reqId: [] - com.baomidou.dynamic.datasource.DynamicRoutingDataSource.destroy(DynamicRoutingDataSource.java:230) - dynamic-datasource all closed success,bye
